<?xml version="1.0" encoding="UTF-8"?>
<!-- Generated by org.testng.reporters.JUnitReportReporter -->
<testsuite skipped="0" hostname="LAPTOP-PPV7IQKK" name="mymaven.PositiveTesting" tests="1" failures="0" timestamp="2021-03-07T11:32:56 COT" time="6.055" errors="0">
  <testcase name="startup" time="6.055" classname="mymaven.PositiveTesting"/>
  <system-out/>
</testsuite> <!-- mymaven.PositiveTesting -->
